<?xml version="1.0" encoding="UTF-8"?>
<!-- Generated by org.testng.reporters.JUnitXMLReporter -->
<testsuite ignored="0" hostname="KAYCEES-YOGA" failures="0" tests="6" name="Command line test" time="18.097" errors="0" timestamp="2022-06-22T13:16:41 CDT">
  <testcase classname="scripts.CarvanaTest" name="@BeforeClass setupPages" time="0.015">
    <failure type="java.lang.NullPointerException" message="Cannot invoke &amp;quot;String.hashCode()&amp;quot; because &amp;quot;&amp;lt;local0&amp;gt;&amp;quot; is null">
      <![CDATA[java.lang.NullPointerException: Cannot invoke "String.hashCode()" because "<local0>" is null
at utilities.Driver.getDriver(Driver.java:32)
at pages.CarvanaHomePage.<init>(CarvanaHomePage.java:12)
at scripts.CarvanaTest.setupPages(CarvanaTest.java:19)
at java.base/java.util.ArrayList.forEach(ArrayList.java:1511)
... Removed 34 stack frames]]>
    </failure>
  </testcase> <!-- @BeforeClass setupPages -->
  <testcase classname="scripts.Base" name="@BeforeMethod setup" time="0.0">
    <failure type="java.lang.NullPointerException" message="Cannot invoke &amp;quot;String.hashCode()&amp;quot; because &amp;quot;&amp;lt;local0&amp;gt;&amp;quot; is null">
      <![CDATA[java.lang.NullPointerException: Cannot invoke "String.hashCode()" because "<local0>" is null
at utilities.Driver.getDriver(Driver.java:32)
at scripts.Base.setup(Base.java:14)
at java.base/java.util.ArrayList.forEach(ArrayList.java:1511)
... Removed 40 stack frames]]>
    </failure>
  </testcase> <!-- @BeforeMethod setup -->
  <testcase classname="scripts.Base" name="@BeforeMethod setup" time="0.0">
    <failure type="java.lang.NullPointerException" message="Cannot invoke &amp;quot;String.hashCode()&amp;quot; because &amp;quot;&amp;lt;local0&amp;gt;&amp;quot; is null">
      <![CDATA[java.lang.NullPointerException: Cannot invoke "String.hashCode()" because "<local0>" is null
at utilities.Driver.getDriver(Driver.java:32)
at scripts.Base.setup(Base.java:14)
at java.base/java.util.ArrayList.forEach(ArrayList.java:1511)
... Removed 40 stack frames]]>
    </failure>
  </testcase> <!-- @BeforeMethod setup -->
  <testcase classname="scripts.Base" name="@BeforeMethod setup" time="0.0">
    <failure type="java.lang.NullPointerException" message="Cannot invoke &amp;quot;String.hashCode()&amp;quot; because &amp;quot;&amp;lt;local0&amp;gt;&amp;quot; is null">
      <![CDATA[java.lang.NullPointerException: Cannot invoke "String.hashCode()" because "<local0>" is null
at utilities.Driver.getDriver(Driver.java:32)
at scripts.Base.setup(Base.java:14)
at java.base/java.util.ArrayList.forEach(ArrayList.java:1511)
... Removed 40 stack frames]]>
    </failure>
  </testcase> <!-- @BeforeMethod setup -->
  <testcase classname="scripts.Base" name="@BeforeMethod setup" time="0.0">
    <failure type="java.lang.NullPointerException" message="Cannot invoke &amp;quot;String.hashCode()&amp;quot; because &amp;quot;&amp;lt;local0&amp;gt;&amp;quot; is null">
      <![CDATA[java.lang.NullPointerException: Cannot invoke "String.hashCode()" because "<local0>" is null
at utilities.Driver.getDriver(Driver.java:32)
at scripts.Base.setup(Base.java:14)
at java.base/java.util.ArrayList.forEach(ArrayList.java:1511)
... Removed 40 stack frames]]>
    </failure>
  </testcase> <!-- @BeforeMethod setup -->
  <testcase classname="scripts.Base" name="@BeforeMethod setup" time="0.0">
    <failure type="java.lang.NullPointerException" message="Cannot invoke &amp;quot;String.hashCode()&amp;quot; because &amp;quot;&amp;lt;local0&amp;gt;&amp;quot; is null">
      <![CDATA[java.lang.NullPointerException: Cannot invoke "String.hashCode()" because "<local0>" is null
at utilities.Driver.getDriver(Driver.java:32)
at scripts.Base.setup(Base.java:14)
at java.base/java.util.ArrayList.forEach(ArrayList.java:1511)
... Removed 40 stack frames]]>
    </failure>
  </testcase> <!-- @BeforeMethod setup -->
  <testcase classname="scripts.Base" name="@BeforeMethod setup" time="0.0">
    <failure type="java.lang.NullPointerException" message="Cannot invoke &amp;quot;String.hashCode()&amp;quot; because &amp;quot;&amp;lt;local0&amp;gt;&amp;quot; is null">
      <![CDATA[java.lang.NullPointerException: Cannot invoke "String.hashCode()" because "<local0>" is null
at utilities.Driver.getDriver(Driver.java:32)
at scripts.Base.setup(Base.java:14)
at java.base/java.util.ArrayList.forEach(ArrayList.java:1511)
... Removed 40 stack frames]]>
    </failure>
  </testcase> <!-- @BeforeMethod setup -->
  <testcase classname="scripts.CarvanaTest" name="testTitleAndUrl" time="0.0">
    <skipped/>
  </testcase> <!-- testTitleAndUrl -->
  <testcase classname="scripts.CarvanaTest" name="testLogo" time="0.0">
    <skipped/>
  </testcase> <!-- testLogo -->
  <testcase classname="scripts.CarvanaTest" name="testMainNavSectionItems" time="0.0">
    <skipped/>
  </testcase> <!-- testMainNavSectionItems -->
  <testcase classname="scripts.CarvanaTest" name="testSignInErrorMessage" time="0.0">
    <skipped/>
  </testcase> <!-- testSignInErrorMessage -->
  <testcase classname="scripts.CarvanaTest" name="testSearchFilterOptions" time="0.0">
    <skipped/>
  </testcase> <!-- testSearchFilterOptions -->
  <testcase classname="scripts.CarvanaTest" name="testSearchResultTiles" time="0.0">
    <skipped/>
  </testcase> <!-- testSearchResultTiles -->
</testsuite> <!-- Command line test -->
