<?xml version="1.0" encoding="UTF-8"?>
<testsuite xmlns:xsi="http://www.w3.org/2001/XMLSchema-instance" xsi:schemaLocation="https://maven.apache.org/surefire/maven-surefire-plugin/xsd/surefire-test-report.xsd" name="TestSuite" time="0.5" tests="18" errors="0" skipped="6" failures="12">
  <properties>
[...]
</properties>
  <testcase name="setup" classname="scripts.CarvanaTest" time="0.274">
    <failure message="Cannot invoke &quot;String.hashCode()&quot; because &quot;&lt;local0&gt;&quot; is null" type="java.lang.NullPointerException"><![CDATA[java.lang.NullPointerException: Cannot invoke "String.hashCode()" because "<local0>" is null
]]></failure>
    <system-err><![CDATA[java.io.FileNotFoundException: configuration.properties (The system cannot find the file specified)
	at java.base/java.io.FileInputStream.open0(Native Method)
	at java.base/java.io.FileInputStream.open(FileInputStream.java:216)
	at java.base/java.io.FileInputStream.<init>(FileInputStream.java:157)
	at java.base/java.io.FileInputStream.<init>(FileInputStream.java:111)
	at utilities.ConfigReader.<clinit>(ConfigReader.java:11)
	at utilities.Driver.getDriver(Driver.java:31)
	at scripts.Base.setup(Base.java:26)
	at java.base/jdk.internal.reflect.NativeMethodAccessorImpl.invoke0(Native Method)
	at java.base/jdk.internal.reflect.NativeMethodAccessorImpl.invoke(NativeMethodAccessorImpl.java:77)
	at java.base/jdk.internal.reflect.DelegatingMethodAccessorImpl.invoke(DelegatingMethodAccessorImpl.java:43)
	at java.base/java.lang.reflect.Method.invoke(Method.java:568)
	at org.testng.internal.MethodInvocationHelper.invokeMethod(MethodInvocationHelper.java:134)
	at org.testng.internal.MethodInvocationHelper.invokeMethodConsideringTimeout(MethodInvocationHelper.java:63)
	at org.testng.internal.ConfigInvoker.invokeConfigurationMethod(ConfigInvoker.java:348)
	at org.testng.internal.ConfigInvoker.invokeConfigurations(ConfigInvoker.java:302)
	at org.testng.internal.TestInvoker.runConfigMethods(TestInvoker.java:695)
	at org.testng.internal.TestInvoker.invokeMethod(TestInvoker.java:523)
	at org.testng.internal.TestInvoker.invokeTestMethod(TestInvoker.java:173)
	at org.testng.internal.MethodRunner.runInSequence(MethodRunner.java:46)
	at org.testng.internal.TestInvoker$MethodInvocationAgent.invoke(TestInvoker.java:816)
	at org.testng.internal.TestInvoker.invokeTestMethods(TestInvoker.java:146)
	at org.testng.internal.TestMethodWorker.invokeTestMethods(TestMethodWorker.java:146)
	at org.testng.internal.TestMethodWorker.run(TestMethodWorker.java:128)
	at java.base/java.util.ArrayList.forEach(ArrayList.java:1511)
	at org.testng.TestRunner.privateRun(TestRunner.java:766)
	at org.testng.TestRunner.run(TestRunner.java:587)
	at org.testng.SuiteRunner.runTest(SuiteRunner.java:384)
	at org.testng.SuiteRunner.runSequentially(SuiteRunner.java:378)
	at org.testng.SuiteRunner.privateRun(SuiteRunner.java:337)
	at org.testng.SuiteRunner.run(SuiteRunner.java:286)
	at org.testng.SuiteRunnerWorker.runSuite(SuiteRunnerWorker.java:53)
	at org.testng.SuiteRunnerWorker.run(SuiteRunnerWorker.java:96)
	at org.testng.TestNG.runSuitesSequentially(TestNG.java:1187)
	at org.testng.TestNG.runSuitesLocally(TestNG.java:1109)
	at org.testng.TestNG.runSuites(TestNG.java:1039)
	at org.testng.TestNG.run(TestNG.java:1007)
	at org.apache.maven.surefire.testng.TestNGExecutor.run(TestNGExecutor.java:281)
	at org.apache.maven.surefire.testng.TestNGXmlTestSuite.execute(TestNGXmlTestSuite.java:75)
	at org.apache.maven.surefire.testng.TestNGProvider.invoke(TestNGProvider.java:121)
	at org.apache.maven.surefire.booter.ForkedBooter.invokeProviderInSameClassLoader(ForkedBooter.java:290)
	at org.apache.maven.surefire.booter.ForkedBooter.runSuitesInProcess(ForkedBooter.java:242)
	at org.apache.maven.surefire.booter.ForkedBooter.main(ForkedBooter.java:121)
]]></system-err>
  </testcase>
  <testcase name="setup" classname="scripts.CarvanaTest" time="0.007">
    <failure message="Cannot invoke &quot;String.hashCode()&quot; because &quot;&lt;local0&gt;&quot; is null" type="java.lang.NullPointerException"><![CDATA[java.lang.NullPointerException: Cannot invoke "String.hashCode()" because "<local0>" is null
]]></failure>
  </testcase>
  <testcase name="setup" classname="scripts.CarvanaTest" time="0.002">
    <failure message="Cannot invoke &quot;String.hashCode()&quot; because &quot;&lt;local0&gt;&quot; is null" type="java.lang.NullPointerException"><![CDATA[java.lang.NullPointerException: Cannot invoke "String.hashCode()" because "<local0>" is null
]]></failure>
  </testcase>
  <testcase name="setup" classname="scripts.CarvanaTest" time="0.002">
    <failure message="Cannot invoke &quot;String.hashCode()&quot; because &quot;&lt;local0&gt;&quot; is null" type="java.lang.NullPointerException"><![CDATA[java.lang.NullPointerException: Cannot invoke "String.hashCode()" because "<local0>" is null
]]></failure>
  </testcase>
  <testcase name="setup" classname="scripts.CarvanaTest" time="0.002">
    <failure message="Cannot invoke &quot;String.hashCode()&quot; because &quot;&lt;local0&gt;&quot; is null" type="java.lang.NullPointerException"><![CDATA[java.lang.NullPointerException: Cannot invoke "String.hashCode()" because "<local0>" is null
]]></failure>
  </testcase>
  <testcase name="setup" classname="scripts.CarvanaTest" time="0.002">
    <failure message="Cannot invoke &quot;String.hashCode()&quot; because &quot;&lt;local0&gt;&quot; is null" type="java.lang.NullPointerException"><![CDATA[java.lang.NullPointerException: Cannot invoke "String.hashCode()" because "<local0>" is null
]]></failure>
  </testcase>
  <testcase name="testTitleAndUrl" classname="scripts.CarvanaTest" time="0">
    <skipped message="Cannot invoke &quot;String.hashCode()&quot; because &quot;&lt;local0&gt;&quot; is null"/>
  </testcase>
  <testcase name="teardown" classname="scripts.CarvanaTest" time="0.004">
    <failure message="Cannot invoke &quot;org.testng.asserts.SoftAssert.assertAll()&quot; because &quot;this.softAssert&quot; is null" type="java.lang.NullPointerException">java.lang.NullPointerException: Cannot invoke "org.testng.asserts.SoftAssert.assertAll()" because "this.softAssert" is null
</failure>
  </testcase>
  <testcase name="teardown" classname="scripts.CarvanaTest" time="0.001">
    <failure message="Cannot invoke &quot;org.testng.asserts.SoftAssert.assertAll()&quot; because &quot;this.softAssert&quot; is null" type="java.lang.NullPointerException">java.lang.NullPointerException: Cannot invoke "org.testng.asserts.SoftAssert.assertAll()" because "this.softAssert" is null
</failure>
  </testcase>
  <testcase name="teardown" classname="scripts.CarvanaTest" time="0">
    <failure message="Cannot invoke &quot;org.testng.asserts.SoftAssert.assertAll()&quot; because &quot;this.softAssert&quot; is null" type="java.lang.NullPointerException">java.lang.NullPointerException: Cannot invoke "org.testng.asserts.SoftAssert.assertAll()" because "this.softAssert" is null
</failure>
  </testcase>
  <testcase name="teardown" classname="scripts.CarvanaTest" time="0.001">
    <failure message="Cannot invoke &quot;org.testng.asserts.SoftAssert.assertAll()&quot; because &quot;this.softAssert&quot; is null" type="java.lang.NullPointerException">java.lang.NullPointerException: Cannot invoke "org.testng.asserts.SoftAssert.assertAll()" because "this.softAssert" is null
</failure>
  </testcase>
  <testcase name="teardown" classname="scripts.CarvanaTest" time="0">
    <failure message="Cannot invoke &quot;org.testng.asserts.SoftAssert.assertAll()&quot; because &quot;this.softAssert&quot; is null" type="java.lang.NullPointerException">java.lang.NullPointerException: Cannot invoke "org.testng.asserts.SoftAssert.assertAll()" because "this.softAssert" is null
</failure>
  </testcase>
  <testcase name="teardown" classname="scripts.CarvanaTest" time="0">
    <failure message="Cannot invoke &quot;org.testng.asserts.SoftAssert.assertAll()&quot; because &quot;this.softAssert&quot; is null" type="java.lang.NullPointerException">java.lang.NullPointerException: Cannot invoke "org.testng.asserts.SoftAssert.assertAll()" because "this.softAssert" is null
</failure>
  </testcase>
  <testcase name="testLogo" classname="scripts.CarvanaTest" time="0">
    <skipped message="Cannot invoke &quot;String.hashCode()&quot; because &quot;&lt;local0&gt;&quot; is null"/>
  </testcase>
  <testcase name="testNavigationMenu" classname="scripts.CarvanaTest" time="0">
    <skipped message="Cannot invoke &quot;org.testng.asserts.SoftAssert.assertAll()&quot; because &quot;this.softAssert&quot; is null"/>
  </testcase>
  <testcase name="testSignInErrorMessage" classname="scripts.CarvanaTest" time="0">
    <skipped message="Cannot invoke &quot;org.testng.asserts.SoftAssert.assertAll()&quot; because &quot;this.softAssert&quot; is null"/>
  </testcase>
  <testcase name="testFilterOptions" classname="scripts.CarvanaTest" time="0">
    <skipped message="Cannot invoke &quot;org.testng.asserts.SoftAssert.assertAll()&quot; because &quot;this.softAssert&quot; is null"/>
  </testcase>
  <testcase name="testSearchTiles" classname="scripts.CarvanaTest" time="0">
    <skipped message="Cannot invoke &quot;org.testng.asserts.SoftAssert.assertAll()&quot; because &quot;this.softAssert&quot; is null"/>
  </testcase>
</testsuite>